<?xml version="1.0" encoding="UTF-8"?>
<testsuite name="HelloJunit5Test" tests="1" skipped="0" failures="0" errors="0" timestamp="2024-10-29T23:15:42" hostname="GIGABYTE-G5" time="0.018">
  <properties/>
  <testcase name="Base assertions()" classname="HelloJunit5Test" time="0.018"/>
  <system-out><![CDATA[]]></system-out>
  <system-err><![CDATA[]]></system-err>
</testsuite>
